starter/app/build/intermediates/manifest_merge_blame_file/debug/manifest-merger-blame-debug-report.txt
1<?xml version="1.0" encoding="utf-8"?>
2<manifest xmlns:android="http://schemas.android.com/apk/res/android"
3    package="com.udacity.shoestore"
4    android:versionCode="1"
5    android:versionName="1.0" >
6
7    <uses-sdk
8        android:minSdkVersion="22"
8-->src\main\AndroidManifest.xml
9        android:targetSdkVersion="30" />
9-->src\main\AndroidManifest.xml
10
11    <application
11-->src\main\AndroidManifest.xml:6:5-21:19
12        android:name="com.udacity.shoestore.BaseApplication"
12-->src\main\AndroidManifest.xml:7:9-40
13        android:allowBackup="true"
13-->src\main\AndroidManifest.xml:8:9-35
14        android:appComponentFactory="androidx.core.app.CoreComponentFactory"
14-->[androidx.core:core:1.3.2] AndroidManifest.xml:24:18-86
15        android:debuggable="true"
16        android:icon="@mipmap/ic_launcher"
16-->src\main\AndroidManifest.xml:9:9-43
17        android:label="@string/app_name"
17-->src\main\AndroidManifest.xml:10:9-41
18        android:roundIcon="@mipmap/ic_launcher_round"
18-->src\main\AndroidManifest.xml:11:9-54
19        android:supportsRtl="true"
19-->src\main\AndroidManifest.xml:12:9-35
20        android:testOnly="true"
21        android:theme="@style/AppTheme.NoActionBar" >
21-->src\main\AndroidManifest.xml:13:9-52
22        <activity android:name="com.udacity.shoestore.MainActivity" >
22-->src\main\AndroidManifest.xml:15:9-20:20
22-->src\main\AndroidManifest.xml:15:19-47
23            <intent-filter>
23-->src\main\AndroidManifest.xml:16:13-19:29
24                <action android:name="android.intent.action.MAIN" />
24-->src\main\AndroidManifest.xml:17:17-69
24-->src\main\AndroidManifest.xml:17:25-66
25
26                <category android:name="android.intent.category.LAUNCHER" />
26-->src\main\AndroidManifest.xml:18:17-77
26-->src\main\AndroidManifest.xml:18:27-74
27            </intent-filter>
28        </activity>
29
30        <provider
30-->[androidx.lifecycle:lifecycle-process:2.2.0] AndroidManifest.xml:25:9-29:43
31            android:name="androidx.lifecycle.ProcessLifecycleOwnerInitializer"
31-->[androidx.lifecycle:lifecycle-process:2.2.0] AndroidManifest.xml:26:13-79
32            android:authorities="com.udacity.shoestore.lifecycle-process"
32-->[androidx.lifecycle:lifecycle-process:2.2.0] AndroidManifest.xml:27:13-69
33            android:exported="false"
33-->[androidx.lifecycle:lifecycle-process:2.2.0] AndroidManifest.xml:28:13-37
34            android:multiprocess="true" />
34-->[androidx.lifecycle:lifecycle-process:2.2.0] AndroidManifest.xml:29:13-40
35    </application>
36
37</manifest>